Flow report for DE2_TOP
Fri Dec 11 02:51:07 2015
Quartus II 64-Bit Version 13.0.1 Build 232 06/12/2013 Service Pack 1 SJ Web Edition


---------------------
; Table of Contents ;
---------------------
  1. Legal Notice
  2. Flow Summary
  3. Flow Settings
  4. Flow Non-Default Global Settings
  5. Flow Elapsed Time
  6. Flow OS Summary
  7. Flow Log
  8. Flow Messages
  9. Flow Suppressed Messages



----------------
; Legal Notice ;
----------------
Copyright (C) 1991-2013 Altera Corporation
Your use of Altera Corporation's design tools, logic functions 
and other software and tools, and its AMPP partner logic 
functions, and any output files from any of the foregoing 
(including device programming or simulation files), and any 
associated documentation or information are expressly subject 
to the terms and conditions of the Altera Program License 
Subscription Agreement, Altera MegaCore Function License 
Agreement, or other applicable license agreement, including, 
without limitation, that your use is for the sole purpose of 
programming logic devices manufactured by Altera and sold by 
Altera or its authorized distributors.  Please refer to the 
applicable agreement for further details.



+--------------------------------------------------------------------------------------+
; Flow Summary                                                                         ;
+------------------------------------+-------------------------------------------------+
; Flow Status                        ; Successful - Fri Dec 11 02:51:07 2015           ;
; Quartus II 64-Bit Version          ; 13.0.1 Build 232 06/12/2013 SP 1 SJ Web Edition ;
; Revision Name                      ; DE2_TOP                                         ;
; Top-level Entity Name              ; synthesizer                                     ;
; Family                             ; Cyclone II                                      ;
; Total logic elements               ; 2,435 / 33,216 ( 7 % )                          ;
;     Total combinational functions  ; 2,428 / 33,216 ( 7 % )                          ;
;     Dedicated logic registers      ; 378 / 33,216 ( 1 % )                            ;
; Total registers                    ; 378                                             ;
; Total pins                         ; 425 / 475 ( 89 % )                              ;
; Total virtual pins                 ; 0                                               ;
; Total memory bits                  ; 0 / 483,840 ( 0 % )                             ;
; Embedded Multiplier 9-bit elements ; 0 / 70 ( 0 % )                                  ;
; Total PLLs                         ; 1 / 4 ( 25 % )                                  ;
; Device                             ; EP2C35F672C6                                    ;
; Timing Models                      ; Final                                           ;
+------------------------------------+-------------------------------------------------+


+-----------------------------------------+
; Flow Settings                           ;
+-------------------+---------------------+
; Option            ; Setting             ;
+-------------------+---------------------+
; Start date & time ; 12/11/2015 02:49:44 ;
; Main task         ; Compilation         ;
; Revision Name     ; DE2_TOP             ;
+-------------------+---------------------+


+-------------------------------------------------------------------------------------------------------------------+
; Flow Non-Default Global Settings                                                                                  ;
+-------------------------------------+------------------------------+---------------+-------------+----------------+
; Assignment Name                     ; Value                        ; Default Value ; Entity Name ; Section Id     ;
+-------------------------------------+------------------------------+---------------+-------------+----------------+
; COMPILER_SIGNATURE_ID               ; 164143905090.144982018409344 ; --            ; --          ; --             ;
; EDA_OUTPUT_DATA_FORMAT              ; Verilog Hdl                  ; --            ; --          ; eda_simulation ;
; EDA_SIMULATION_TOOL                 ; ModelSim-Altera (Verilog)    ; <None>        ; --          ; --             ;
; PARTITION_COLOR                     ; 14622752                     ; --            ; synthesizer ; Top            ;
; PARTITION_FITTER_PRESERVATION_LEVEL ; PLACEMENT_AND_ROUTING        ; --            ; synthesizer ; Top            ;
; PARTITION_NETLIST_TYPE              ; SOURCE                       ; --            ; synthesizer ; Top            ;
; TOP_LEVEL_ENTITY                    ; synthesizer                  ; DE2_TOP       ; --          ; --             ;
+-------------------------------------+------------------------------+---------------+-------------+----------------+


+-------------------------------------------------------------------------------------------------------------------------------+
; Flow Elapsed Time                                                                                                             ;
+---------------------------+--------------+-------------------------+---------------------+------------------------------------+
; Module Name               ; Elapsed Time ; Average Processors Used ; Peak Virtual Memory ; Total CPU Time (on all processors) ;
+---------------------------+--------------+-------------------------+---------------------+------------------------------------+
; Analysis & Synthesis      ; 00:00:29     ; 1.0                     ; 516 MB              ; 00:00:27                           ;
; Fitter                    ; 00:00:37     ; 1.0                     ; 786 MB              ; 00:00:36                           ;
; Assembler                 ; 00:00:03     ; 1.0                     ; 446 MB              ; 00:00:03                           ;
; TimeQuest Timing Analyzer ; 00:00:05     ; 1.0                     ; 457 MB              ; 00:00:02                           ;
; EDA Netlist Writer        ; 00:00:03     ; 1.0                     ; 432 MB              ; 00:00:03                           ;
; Total                     ; 00:01:17     ; --                      ; --                  ; 00:01:11                           ;
+---------------------------+--------------+-------------------------+---------------------+------------------------------------+


+----------------------------------------------------------------------------------------+
; Flow OS Summary                                                                        ;
+---------------------------+------------------+-----------+------------+----------------+
; Module Name               ; Machine Hostname ; OS Name   ; OS Version ; Processor type ;
+---------------------------+------------------+-----------+------------+----------------+
; Analysis & Synthesis      ; Drew-PC          ; Windows 7 ; 6.2        ; x86_64         ;
; Fitter                    ; Drew-PC          ; Windows 7 ; 6.2        ; x86_64         ;
; Assembler                 ; Drew-PC          ; Windows 7 ; 6.2        ; x86_64         ;
; TimeQuest Timing Analyzer ; Drew-PC          ; Windows 7 ; 6.2        ; x86_64         ;
; EDA Netlist Writer        ; Drew-PC          ; Windows 7 ; 6.2        ; x86_64         ;
+---------------------------+------------------+-----------+------------+----------------+


------------
; Flow Log ;
------------
quartus_map --read_settings_files=on --write_settings_files=off Synthesizer -c DE2_TOP
quartus_fit --read_settings_files=off --write_settings_files=off Synthesizer -c DE2_TOP
quartus_asm --read_settings_files=off --write_settings_files=off Synthesizer -c DE2_TOP
quartus_sta Synthesizer -c DE2_TOP
quartus_eda --read_settings_files=off --write_settings_files=off Synthesizer -c DE2_TOP



